2023-10-22 13:48:09.697  INFO 14364 --- [restartedMain] com.usyd.emergency.EmergencyApplication  : Starting EmergencyApplication using Java 11.0.20 on JAMES with PID 14364 (D:\5619\Emergency\target\classes started by 21287 in D:\5619\Emergency)
2023-10-22 13:48:09.698 DEBUG 14364 --- [restartedMain] com.usyd.emergency.EmergencyApplication  : Running with Spring Boot v2.7.15-SNAPSHOT, Spring v5.3.29
2023-10-22 13:48:09.700  INFO 14364 --- [restartedMain] com.usyd.emergency.EmergencyApplication  : No active profile set, falling back to 1 default profile: "default"
2023-10-22 13:48:09.764  INFO 14364 --- [restartedMain] .e.DevToolsPropertyDefaultsPostProcessor : Devtools property defaults active! Set 'spring.devtools.add-properties' to 'false' to disable
2023-10-22 13:48:09.766  INFO 14364 --- [restartedMain] .e.DevToolsPropertyDefaultsPostProcessor : For additional web related logging consider setting the 'logging.level.web' property to 'DEBUG'
2023-10-22 13:48:11.594  INFO 14364 --- [restartedMain] .s.d.r.c.RepositoryConfigurationDelegate : Multiple Spring Data modules found, entering strict repository configuration mode
2023-10-22 13:48:11.594  INFO 14364 --- [restartedMain] .s.d.r.c.RepositoryConfigurationDelegate : Bootstrapping Spring Data JPA repositories in DEFAULT mode.
2023-10-22 13:48:11.679  INFO 14364 --- [restartedMain] .s.d.r.c.RepositoryConfigurationDelegate : Finished Spring Data repository scanning in 74 ms. Found 4 JPA repository interfaces.
2023-10-22 13:48:11.698  INFO 14364 --- [restartedMain] .s.d.r.c.RepositoryConfigurationDelegate : Multiple Spring Data modules found, entering strict repository configuration mode
2023-10-22 13:48:11.699  INFO 14364 --- [restartedMain] .s.d.r.c.RepositoryConfigurationDelegate : Bootstrapping Spring Data Redis repositories in DEFAULT mode.
2023-10-22 13:48:11.713  INFO 14364 --- [restartedMain] .RepositoryConfigurationExtensionSupport : Spring Data Redis - Could not safely identify store assignment for repository candidate interface com.usyd.emergency.repository.CaseRepository; If you want this repository to be a Redis repository, consider annotating your entities with one of these annotations: org.springframework.data.redis.core.RedisHash (preferred), or consider extending one of the following types with your repository: org.springframework.data.keyvalue.repository.KeyValueRepository
2023-10-22 13:48:11.714  INFO 14364 --- [restartedMain] .RepositoryConfigurationExtensionSupport : Spring Data Redis - Could not safely identify store assignment for repository candidate interface com.usyd.emergency.repository.DiseaseRepository; If you want this repository to be a Redis repository, consider annotating your entities with one of these annotations: org.springframework.data.redis.core.RedisHash (preferred), or consider extending one of the following types with your repository: org.springframework.data.keyvalue.repository.KeyValueRepository
2023-10-22 13:48:11.714  INFO 14364 --- [restartedMain] .RepositoryConfigurationExtensionSupport : Spring Data Redis - Could not safely identify store assignment for repository candidate interface com.usyd.emergency.repository.SubscribeRepository; If you want this repository to be a Redis repository, consider annotating your entities with one of these annotations: org.springframework.data.redis.core.RedisHash (preferred), or consider extending one of the following types with your repository: org.springframework.data.keyvalue.repository.KeyValueRepository
2023-10-22 13:48:11.714  INFO 14364 --- [restartedMain] .RepositoryConfigurationExtensionSupport : Spring Data Redis - Could not safely identify store assignment for repository candidate interface com.usyd.emergency.repository.UserRepository; If you want this repository to be a Redis repository, consider annotating your entities with one of these annotations: org.springframework.data.redis.core.RedisHash (preferred), or consider extending one of the following types with your repository: org.springframework.data.keyvalue.repository.KeyValueRepository
2023-10-22 13:48:11.714  INFO 14364 --- [restartedMain] .s.d.r.c.RepositoryConfigurationDelegate : Finished Spring Data repository scanning in 5 ms. Found 0 Redis repository interfaces.
2023-10-22 13:48:12.570  INFO 14364 --- [restartedMain] o.s.b.w.embedded.tomcat.TomcatWebServer  : Tomcat initialized with port(s): 8080 (http)
2023-10-22 13:48:12.572  INFO 14364 --- [restartedMain] o.a.catalina.core.AprLifecycleListener   : An older version [1.2.24] of the Apache Tomcat Native library is installed, while Tomcat recommends a minimum version of [1.2.38]
2023-10-22 13:48:12.572  INFO 14364 --- [restartedMain] o.a.catalina.core.AprLifecycleListener   : Loaded Apache Tomcat Native library [1.2.24] using APR version [1.7.0].
2023-10-22 13:48:12.572  INFO 14364 --- [restartedMain] o.a.catalina.core.AprLifecycleListener   : APR capabilities: IPv6 [true], sendfile [true], accept filters [false], random [true], UDS [false].
2023-10-22 13:48:12.572  INFO 14364 --- [restartedMain] o.a.catalina.core.AprLifecycleListener   : APR/OpenSSL configuration: useAprConnector [false], useOpenSSL [true]
2023-10-22 13:48:12.583  INFO 14364 --- [restartedMain] o.a.catalina.core.AprLifecycleListener   : OpenSSL successfully initialized [OpenSSL 1.1.1g  21 Apr 2020]
2023-10-22 13:48:12.594  INFO 14364 --- [restartedMain] o.apache.catalina.core.StandardService   : Starting service [Tomcat]
2023-10-22 13:48:12.594  INFO 14364 --- [restartedMain] org.apache.catalina.core.StandardEngine  : Starting Servlet engine: [Apache Tomcat/9.0.79]
2023-10-22 13:48:12.670  INFO 14364 --- [restartedMain] o.a.c.c.C.[.[localhost].[/emergency]     : Initializing Spring embedded WebApplicationContext
2023-10-22 13:48:12.670  INFO 14364 --- [restartedMain] w.s.c.ServletWebServerApplicationContext : Root WebApplicationContext: initialization completed in 2903 ms
2023-10-22 13:48:13.096 DEBUG 14364 --- [restartedMain] c.u.e.f.JwtAuthenticationTokenFilter     : Filter 'jwtAuthenticationTokenFilter' configured for use
2023-10-22 13:48:13.275  INFO 14364 --- [restartedMain] o.hibernate.jpa.internal.util.LogHelper  : HHH000204: Processing PersistenceUnitInfo [name: default]
2023-10-22 13:48:13.345  INFO 14364 --- [restartedMain] org.hibernate.Version                    : HHH000412: Hibernate ORM core version 5.6.15.Final
2023-10-22 13:48:13.514  INFO 14364 --- [restartedMain] o.hibernate.annotations.common.Version   : HCANN000001: Hibernate Commons Annotations {5.1.2.Final}
2023-10-22 13:48:13.630  INFO 14364 --- [restartedMain] com.zaxxer.hikari.HikariDataSource       : HikariPool-1 - Starting...
2023-10-22 13:48:13.965  INFO 14364 --- [restartedMain] com.zaxxer.hikari.HikariDataSource       : HikariPool-1 - Start completed.
2023-10-22 13:48:14.008  INFO 14364 --- [restartedMain] org.hibernate.dialect.Dialect            : HHH000400: Using dialect: org.hibernate.dialect.MySQL8Dialect
2023-10-22 13:48:14.221  WARN 14364 --- [restartedMain] org.hibernate.mapping.RootClass          : HHH000038: Composite-id class does not override equals(): com.usyd.emergency.utils.MyKey
2023-10-22 13:48:14.221  WARN 14364 --- [restartedMain] org.hibernate.mapping.RootClass          : HHH000039: Composite-id class does not override hashCode(): com.usyd.emergency.utils.MyKey
2023-10-22 13:48:14.563  INFO 14364 --- [restartedMain] o.h.e.t.j.p.i.JtaPlatformInitiator       : HHH000490: Using JtaPlatform implementation: [org.hibernate.engine.transaction.jta.platform.internal.NoJtaPlatform]
2023-10-22 13:48:14.572  INFO 14364 --- [restartedMain] j.LocalContainerEntityManagerFactoryBean : Initialized JPA EntityManagerFactory for persistence unit 'default'
2023-10-22 13:48:14.625  WARN 14364 --- [restartedMain] JpaBaseConfiguration$JpaWebConfiguration : spring.jpa.open-in-view is enabled by default. Therefore, database queries may be performed during view rendering. Explicitly configure spring.jpa.open-in-view to disable this warning
2023-10-22 13:48:15.242  INFO 14364 --- [restartedMain] o.s.s.web.DefaultSecurityFilterChain     : Will secure any request with [org.springframework.security.web.session.DisableEncodeUrlFilter@5b780256, org.springframework.security.web.context.request.async.WebAsyncManagerIntegrationFilter@2182e5cf, org.springframework.security.web.context.SecurityContextPersistenceFilter@83220a0, org.springframework.security.web.header.HeaderWriterFilter@1dce9eac, org.springframework.security.web.authentication.logout.LogoutFilter@10b41644, com.usyd.emergency.filter.JwtAuthenticationTokenFilter@3e00d8de, org.springframework.security.web.savedrequest.RequestCacheAwareFilter@5c274c8e, org.springframework.security.web.servletapi.SecurityContextHolderAwareRequestFilter@3f9872c9, org.springframework.security.web.authentication.AnonymousAuthenticationFilter@674ca31a, org.springframework.security.web.session.SessionManagementFilter@1f6d01b5, org.springframework.security.web.access.ExceptionTranslationFilter@3de95975, org.springframework.security.web.access.intercept.FilterSecurityInterceptor@5d510714]
2023-10-22 13:48:15.427  INFO 14364 --- [restartedMain] o.s.b.a.w.s.WelcomePageHandlerMapping    : Adding welcome page template: index
2023-10-22 13:48:15.785  INFO 14364 --- [restartedMain] o.s.b.d.a.OptionalLiveReloadServer       : LiveReload server is running on port 35729
2023-10-22 13:48:15.834  INFO 14364 --- [restartedMain] o.s.b.w.embedded.tomcat.TomcatWebServer  : Tomcat started on port(s): 8080 (http) with context path '/emergency'
2023-10-22 13:48:15.844  INFO 14364 --- [restartedMain] com.usyd.emergency.EmergencyApplication  : Started EmergencyApplication in 6.757 seconds (JVM running for 8.24)
2023-10-22 14:07:22.180  INFO 14364 --- [SpringApplicationShutdownHook] j.LocalContainerEntityManagerFactoryBean : Closing JPA EntityManagerFactory for persistence unit 'default'
2023-10-22 14:07:22.196  INFO 14364 --- [SpringApplicationShutdownHook] com.zaxxer.hikari.HikariDataSource       : HikariPool-1 - Shutdown initiated...
2023-10-22 14:07:22.215  INFO 14364 --- [SpringApplicationShutdownHook] com.zaxxer.hikari.HikariDataSource       : HikariPool-1 - Shutdown completed.
